This is pdfTeX, Version 3.141592653-2.6-1.40.25 (MiKTeX 24.1) (preloaded format=pdflatex 2025.9.25)  20 FEB 2026 09:32
entering extended mode
 restricted \write18 enabled.
 file:line:error style messages enabled.
 %&-line parsing enabled.
**c:/Users/TangyKiwi/Desktop/UCSD/CS-256/PA2/report/report.tex
(c:/Users/TangyKiwi/Desktop/UCSD/CS-256/PA2/report/report.tex
LaTeX2e <2023-11-01> patch level 1
L3 programming layer <2024-01-04>
(C:\Users\TangyKiwi\AppData\Local\Programs\MiKTeX\tex/latex/base\article.cls
Document Class: article 2023/05/17 v1.4n Standard LaTeX document class
(C:\Users\TangyKiwi\AppData\Local\Programs\MiKTeX\tex/latex/base\size11.clo
File: size11.clo 2023/05/17 v1.4n Standard LaTeX file (size option)
)
\c@part=\count187
\c@section=\count188
\c@subsection=\count189
\c@subsubsection=\count190
\c@paragraph=\count191
\c@subparagraph=\count192
\c@figure=\count193
\c@table=\count194
\abovecaptionskip=\skip48
\belowcaptionskip=\skip49
\bibindent=\dimen140
) (C:\Users\TangyKiwi\AppData\Local\Programs\MiKTeX\tex/latex/amsmath\amsmath.sty
Package: amsmath 2023/05/13 v2.17o AMS math features
\@mathmargin=\skip50

For additional information on amsmath, use the `?' option.
(C:\Users\TangyKiwi\AppData\Local\Programs\MiKTeX\tex/latex/amsmath\amstext.sty
Package: amstext 2021/08/26 v2.01 AMS text
 (C:\Users\TangyKiwi\AppData\Local\Programs\MiKTeX\tex/latex/amsmath\amsgen.sty
File: amsgen.sty 1999/11/30 v2.0 generic functions
\@emptytoks=\toks17
\ex@=\dimen141
)) (C:\Users\TangyKiwi\AppData\Local\Programs\MiKTeX\tex/latex/amsmath\amsbsy.sty
Package: amsbsy 1999/11/29 v1.2d Bold Symbols
\pmbraise@=\dimen142
) (C:\Users\TangyKiwi\AppData\Local\Programs\MiKTeX\tex/latex/amsmath\amsopn.sty
Package: amsopn 2022/04/08 v2.04 operator names
)
\inf@bad=\count195
LaTeX Info: Redefining \frac on input line 234.
\uproot@=\count196
\leftroot@=\count197
LaTeX Info: Redefining \overline on input line 399.
LaTeX Info: Redefining \colon on input line 410.
\classnum@=\count198
\DOTSCASE@=\count199
LaTeX Info: Redefining \ldots on input line 496.
LaTeX Info: Redefining \dots on input line 499.
LaTeX Info: Redefining \cdots on input line 620.
\Mathstrutbox@=\box51
\strutbox@=\box52
LaTeX Info: Redefining \big on input line 722.
LaTeX Info: Redefining \Big on input line 723.
LaTeX Info: Redefining \bigg on input line 724.
LaTeX Info: Redefining \Bigg on input line 725.
\big@size=\dimen143
LaTeX Font Info:    Redeclaring font encoding OML on input line 743.
LaTeX Font Info:    Redeclaring font encoding OMS on input line 744.
\macc@depth=\count266
LaTeX Info: Redefining \bmod on input line 905.
LaTeX Info: Redefining \pmod on input line 910.
LaTeX Info: Redefining \smash on input line 940.
LaTeX Info: Redefining \relbar on input line 970.
LaTeX Info: Redefining \Relbar on input line 971.
\c@MaxMatrixCols=\count267
\dotsspace@=\muskip16
\c@parentequation=\count268
\dspbrk@lvl=\count269
\tag@help=\toks18
\row@=\count270
\column@=\count271
\maxfields@=\count272
\andhelp@=\toks19
\eqnshift@=\dimen144
\alignsep@=\dimen145
\tagshift@=\dimen146
\tagwidth@=\dimen147
\totwidth@=\dimen148
\lineht@=\dimen149
\@envbody=\toks20
\multlinegap=\skip51
\multlinetaggap=\skip52
\mathdisplay@stack=\toks21
LaTeX Info: Redefining \[ on input line 2953.
LaTeX Info: Redefining \] on input line 2954.
) (C:\Users\TangyKiwi\AppData\Local\Programs\MiKTeX\tex/latex/amsfonts\amssymb.sty
Package: amssymb 2013/01/14 v3.01 AMS font symbols
 (C:\Users\TangyKiwi\AppData\Local\Programs\MiKTeX\tex/latex/amsfonts\amsfonts.sty
Package: amsfonts 2013/01/14 v3.01 Basic AMSFonts support
\symAMSa=\mathgroup4
\symAMSb=\mathgroup5
LaTeX Font Info:    Redeclaring math symbol \hbar on input line 98.
LaTeX Font Info:    Overwriting math alphabet `\mathfrak' in version `bold'
(Font)                  U/euf/m/n --> U/euf/b/n on input line 106.
)) (C:\Users\TangyKiwi\AppData\Local\Programs\MiKTeX\tex/latex/tools\enumerate.sty
Package: enumerate 2023/07/04 v3.00 enumerate extensions (DPC)
\@enLab=\toks22
) (C:\Users\TangyKiwi\AppData\Local\Programs\MiKTeX\tex/latex/hyperref\hyperref.sty
Package: hyperref 2023-11-26 v7.01g Hypertext links for LaTeX
 (C:\Users\TangyKiwi\AppData\Local\Programs\MiKTeX\tex/generic/iftex\iftex.sty
Package: iftex 2022/02/03 v1.0f TeX engine tests
) (C:\Users\TangyKiwi\AppData\Local\Programs\MiKTeX\tex/generic/infwarerr\infwarerr.sty
Package: infwarerr 2019/12/03 v1.5 Providing info/warning/error messages (HO)
) (C:\Users\TangyKiwi\AppData\Local\Programs\MiKTeX\tex/latex/graphics\keyval.sty
Package: keyval 2022/05/29 v1.15 key=value parser (DPC)
\KV@toks@=\toks23
) (C:\Users\TangyKiwi\AppData\Local\Programs\MiKTeX\tex/latex/kvsetkeys\kvsetkeys.sty
Package: kvsetkeys 2022-10-05 v1.19 Key value parser (HO)
) (C:\Users\TangyKiwi\AppData\Local\Programs\MiKTeX\tex/generic/kvdefinekeys\kvdefinekeys.sty
Package: kvdefinekeys 2019-12-19 v1.6 Define keys (HO)
) (C:\Users\TangyKiwi\AppData\Local\Programs\MiKTeX\tex/generic/pdfescape\pdfescape.sty
Package: pdfescape 2019/12/09 v1.15 Implements pdfTeX's escape features (HO)
 (C:\Users\TangyKiwi\AppData\Local\Programs\MiKTeX\tex/generic/ltxcmds\ltxcmds.sty
Package: ltxcmds 2023-12-04 v1.26 LaTeX kernel commands for general use (HO)
) (C:\Users\TangyKiwi\AppData\Local\Programs\MiKTeX\tex/generic/pdftexcmds\pdftexcmds.sty
Package: pdftexcmds 2020-06-27 v0.33 Utility functions of pdfTeX for LuaTeX (HO)
Package pdftexcmds Info: \pdf@primitive is available.
Package pdftexcmds Info: \pdf@ifprimitive is available.
Package pdftexcmds Info: \pdfdraftmode found.
)) (C:\Users\TangyKiwi\AppData\Local\Programs\MiKTeX\tex/latex/hycolor\hycolor.sty
Package: hycolor 2020-01-27 v1.10 Color options for hyperref/bookmark (HO)
) (C:\Users\TangyKiwi\AppData\Local\Programs\MiKTeX\tex/latex/letltxmacro\letltxmacro.sty
Package: letltxmacro 2019/12/03 v1.6 Let assignment for LaTeX macros (HO)
) (C:\Users\TangyKiwi\AppData\Local\Programs\MiKTeX\tex/latex/auxhook\auxhook.sty
Package: auxhook 2019-12-17 v1.6 Hooks for auxiliary files (HO)
) (C:\Users\TangyKiwi\AppData\Local\Programs\MiKTeX\tex/latex/hyperref\nameref.sty
Package: nameref 2023-11-26 v2.56 Cross-referencing by name of section
 (C:\Users\TangyKiwi\AppData\Local\Programs\MiKTeX\tex/latex/refcount\refcount.sty
Package: refcount 2019/12/15 v3.6 Data extraction from label references (HO)
) (C:\Users\TangyKiwi\AppData\Local\Programs\MiKTeX\tex/generic/gettitlestring\gettitlestring.sty
Package: gettitlestring 2019/12/15 v1.6 Cleanup title references (HO)
 (C:\Users\TangyKiwi\AppData\Local\Programs\MiKTeX\tex/latex/kvoptions\kvoptions.sty
Package: kvoptions 2022-06-15 v3.15 Key value format for package options (HO)
))
\c@section@level=\count273
) (C:\Users\TangyKiwi\AppData\Local\Programs\MiKTeX\tex/latex/etoolbox\etoolbox.sty
Package: etoolbox 2020/10/05 v2.5k e-TeX tools for LaTeX (JAW)
\etb@tempcnta=\count274
)
\@linkdim=\dimen150
\Hy@linkcounter=\count275
\Hy@pagecounter=\count276
 (C:\Users\TangyKiwi\AppData\Local\Programs\MiKTeX\tex/latex/hyperref\pd1enc.def
File: pd1enc.def 2023-11-26 v7.01g Hyperref: PDFDocEncoding definition (HO)
Now handling font encoding PD1 ...
... no UTF-8 mapping file for font encoding PD1
) (C:\Users\TangyKiwi\AppData\Local\Programs\MiKTeX\tex/generic/intcalc\intcalc.sty
Package: intcalc 2019/12/15 v1.3 Expandable calculations with integers (HO)
)
\Hy@SavedSpaceFactor=\count277
 (C:\Users\TangyKiwi\AppData\Local\Programs\MiKTeX\tex/latex/hyperref\puenc.def
File: puenc.def 2023-11-26 v7.01g Hyperref: PDF Unicode definition (HO)
Now handling font encoding PU ...
... no UTF-8 mapping file for font encoding PU
)
Package hyperref Info: Hyper figures OFF on input line 4181.
Package hyperref Info: Link nesting OFF on input line 4186.
Package hyperref Info: Hyper index ON on input line 4189.
Package hyperref Info: Plain pages OFF on input line 4196.
Package hyperref Info: Backreferencing OFF on input line 4201.
Package hyperref Info: Implicit mode ON; LaTeX internals redefined.
Package hyperref Info: Bookmarks ON on input line 4448.
\c@Hy@tempcnt=\count278
 (C:\Users\TangyKiwi\AppData\Local\Programs\MiKTeX\tex/latex/url\url.sty
\Urlmuskip=\muskip17
Package: url 2013/09/16  ver 3.4  Verb mode for urls, etc.
)
LaTeX Info: Redefining \url on input line 4786.
\XeTeXLinkMargin=\dimen151
 (C:\Users\TangyKiwi\AppData\Local\Programs\MiKTeX\tex/generic/bitset\bitset.sty
Package: bitset 2019/12/09 v1.3 Handle bit-vector datatype (HO)
 (C:\Users\TangyKiwi\AppData\Local\Programs\MiKTeX\tex/generic/bigintcalc\bigintcalc.sty
Package: bigintcalc 2019/12/15 v1.5 Expandable calculations on big integers (HO)
))
\Fld@menulength=\count279
\Field@Width=\dimen152
\Fld@charsize=\dimen153
Package hyperref Info: Hyper figures OFF on input line 6065.
Package hyperref Info: Link nesting OFF on input line 6070.
Package hyperref Info: Hyper index ON on input line 6073.
Package hyperref Info: backreferencing OFF on input line 6080.
Package hyperref Info: Link coloring OFF on input line 6085.
Package hyperref Info: Link coloring with OCG OFF on input line 6090.
Package hyperref Info: PDF/A mode OFF on input line 6095.
 (C:\Users\TangyKiwi\AppData\Local\Programs\MiKTeX\tex/latex/base\atbegshi-ltx.sty
Package: atbegshi-ltx 2021/01/10 v1.0c Emulation of the original atbegshi
package with kernel methods
)
\Hy@abspage=\count280
\c@Item=\count281
\c@Hfootnote=\count282
)
Package hyperref Info: Driver (autodetected): hpdftex.
 (C:\Users\TangyKiwi\AppData\Local\Programs\MiKTeX\tex/latex/hyperref\hpdftex.def
File: hpdftex.def 2023-11-26 v7.01g Hyperref driver for pdfTeX
 (C:\Users\TangyKiwi\AppData\Local\Programs\MiKTeX\tex/latex/base\atveryend-ltx.sty
Package: atveryend-ltx 2020/08/19 v1.0a Emulation of the original atveryend package
with kernel methods
)
\Fld@listcount=\count283
\c@bookmark@seq@number=\count284
 (C:\Users\TangyKiwi\AppData\Local\Programs\MiKTeX\tex/latex/rerunfilecheck\rerunfilecheck.sty
Package: rerunfilecheck 2025-06-21 v1.11 Rerun checks for auxiliary files (HO)
 (C:\Users\TangyKiwi\AppData\Local\Programs\MiKTeX\tex/generic/uniquecounter\uniquecounter.sty
Package: uniquecounter 2019/12/15 v1.4 Provide unlimited unique counter (HO)
)
Package uniquecounter Info: New unique counter `rerunfilecheck' on input line 284.
)
\Hy@SectionHShift=\skip53
) (C:\Users\TangyKiwi\AppData\Local\Programs\MiKTeX\tex/latex/graphics\graphicx.sty
Package: graphicx 2021/09/16 v1.2d Enhanced LaTeX Graphics (DPC,SPQR)
 (C:\Users\TangyKiwi\AppData\Local\Programs\MiKTeX\tex/latex/graphics\graphics.sty
Package: graphics 2022/03/10 v1.4e Standard LaTeX Graphics (DPC,SPQR)
 (C:\Users\TangyKiwi\AppData\Local\Programs\MiKTeX\tex/latex/graphics\trig.sty
Package: trig 2021/08/11 v1.11 sin cos tan (DPC)
) (C:\Users\TangyKiwi\AppData\Local\Programs\MiKTeX\tex/latex/graphics-cfg\graphics.cfg
File: graphics.cfg 2016/06/04 v1.11 sample graphics configuration
)
Package graphics Info: Driver file: pdftex.def on input line 107.
 (C:\Users\TangyKiwi\AppData\Local\Programs\MiKTeX\tex/latex/graphics-def\pdftex.def
File: pdftex.def 2022/09/22 v1.2b Graphics/color driver for pdftex
))
\Gin@req@height=\dimen154
\Gin@req@width=\dimen155
) (C:\Users\TangyKiwi\AppData\Local\Programs\MiKTeX\tex/latex/tools\longtable.sty
Package: longtable 2023-11-01 v4.19 Multi-page Table package (DPC)
\LTleft=\skip54
\LTright=\skip55
\LTpre=\skip56
\LTpost=\skip57
\LTchunksize=\count285
\LTcapwidth=\dimen156
\LT@head=\box53
\LT@firsthead=\box54
\LT@foot=\box55
\LT@lastfoot=\box56
\LT@gbox=\box57
\LT@cols=\count286
\LT@rows=\count287
\c@LT@tables=\count288
\c@LT@chunks=\count289
\LT@p@ftn=\toks24
) (C:\Users\TangyKiwi\AppData\Local\Programs\MiKTeX\tex/latex/float\float.sty
Package: float 2001/11/08 v1.3d Float enhancements (AL)
\c@float@type=\count290
\float@exts=\toks25
\float@box=\box58
\@float@everytoks=\toks26
\@floatcapt=\box59
) (C:\Users\TangyKiwi\AppData\Local\Programs\MiKTeX\tex/latex/l3backend\l3backend-pdftex.def
File: l3backend-pdftex.def 2024-01-04 L3 backend support: PDF output (pdfTeX)
\l__color_backend_stack_int=\count291
\l__pdf_internal_box=\box60
)

LaTeX Warning: Unused global option(s):
    [margin].

(report.aux)
\openout1 = `report.aux'.

LaTeX Font Info:    Checking defaults for OML/cmm/m/it on input line 21.
LaTeX Font Info:    ... okay on input line 21.
LaTeX Font Info:    Checking defaults for OMS/cmsy/m/n on input line 21.
LaTeX Font Info:    ... okay on input line 21.
LaTeX Font Info:    Checking defaults for OT1/cmr/m/n on input line 21.
LaTeX Font Info:    ... okay on input line 21.
LaTeX Font Info:    Checking defaults for T1/cmr/m/n on input line 21.
LaTeX Font Info:    ... okay on input line 21.
LaTeX Font Info:    Checking defaults for TS1/cmr/m/n on input line 21.
LaTeX Font Info:    ... okay on input line 21.
LaTeX Font Info:    Checking defaults for OMX/cmex/m/n on input line 21.
LaTeX Font Info:    ... okay on input line 21.
LaTeX Font Info:    Checking defaults for U/cmr/m/n on input line 21.
LaTeX Font Info:    ... okay on input line 21.
LaTeX Font Info:    Checking defaults for PD1/pdf/m/n on input line 21.
LaTeX Font Info:    ... okay on input line 21.
LaTeX Font Info:    Checking defaults for PU/pdf/m/n on input line 21.
LaTeX Font Info:    ... okay on input line 21.
Package hyperref Info: Link coloring OFF on input line 21.
 (report.out) (report.out)
\@outlinefile=\write3
\openout3 = `report.out'.

 (C:\Users\TangyKiwi\AppData\Local\Programs\MiKTeX\tex/context/base/mkii\supp-pdf.mkii
[Loading MPS to PDF converter (version 2006.09.02).]
\scratchcounter=\count292
\scratchdimen=\dimen157
\scratchbox=\box61
\nofMPsegments=\count293
\nofMParguments=\count294
\everyMPshowfont=\toks27
\MPscratchCnt=\count295
\MPscratchDim=\dimen158
\MPnumerator=\count296
\makeMPintoPDFobject=\count297
\everyMPtoPDFconversion=\toks28
) (C:\Users\TangyKiwi\AppData\Local\Programs\MiKTeX\tex/latex/epstopdf-pkg\epstopdf-base.sty
Package: epstopdf-base 2020-01-24 v2.11 Base part for package epstopdf
Package epstopdf-base Info: Redefining graphics rule for `.eps' on input line 485.
 (C:\Users\TangyKiwi\AppData\Local\Programs\MiKTeX\tex/latex/00miktex\epstopdf-sys.cfg
File: epstopdf-sys.cfg 2021/03/18 v2.0 Configuration of epstopdf for MiKTeX
))
LaTeX Font Info:    Trying to load font information for U+msa on input line 23.
 (C:\Users\TangyKiwi\AppData\Local\Programs\MiKTeX\tex/latex/amsfonts\umsa.fd
File: umsa.fd 2013/01/14 v3.01 AMS symbols A
)
LaTeX Font Info:    Trying to load font information for U+msb on input line 23.
 (C:\Users\TangyKiwi\AppData\Local\Programs\MiKTeX\tex/latex/amsfonts\umsb.fd
File: umsb.fd 2013/01/14 v3.01 AMS symbols B
)
Overfull \hbox (0.46835pt too wide) in paragraph at lines 40--50
\OT1/cmr/m/n/10.95 block fol-lows the typ-i-cal trans-former struc-ture of: layer nor-mal-iza-tion, multi-
 []

[1

{C:/Users/TangyKiwi/AppData/Local/MiKTeX/fonts/map/pdftex/pdftex.map}]
<../encoder_attn_maps/encoder_short_attention_map_1.png, id=14, 462.528pt x 346.896pt>
File: ../encoder_attn_maps/encoder_short_attention_map_1.png Graphic file (type png)
<use ../encoder_attn_maps/encoder_short_attention_map_1.png>
Package pdftex.def Info: ../encoder_attn_maps/encoder_short_attention_map_1.png  used on input line 75.
(pdftex.def)             Requested size: 176.40198pt x 132.30353pt.
<../encoder_attn_maps/encoder_short_attention_map_2.png, id=16, 462.528pt x 346.896pt>
File: ../encoder_attn_maps/encoder_short_attention_map_2.png Graphic file (type png)
<use ../encoder_attn_maps/encoder_short_attention_map_2.png>
Package pdftex.def Info: ../encoder_attn_maps/encoder_short_attention_map_2.png  used on input line 76.
(pdftex.def)             Requested size: 176.40198pt x 132.30353pt.
<../encoder_attn_maps/encoder_short_attention_map_3.png, id=17, 462.528pt x 346.896pt>
File: ../encoder_attn_maps/encoder_short_attention_map_3.png Graphic file (type png)
<use ../encoder_attn_maps/encoder_short_attention_map_3.png>
Package pdftex.def Info: ../encoder_attn_maps/encoder_short_attention_map_3.png  used on input line 77.
(pdftex.def)             Requested size: 176.40198pt x 132.30353pt.
<../encoder_attn_maps/encoder_short_attention_map_4.png, id=18, 462.528pt x 346.896pt>
File: ../encoder_attn_maps/encoder_short_attention_map_4.png Graphic file (type png)
<use ../encoder_attn_maps/encoder_short_attention_map_4.png>
Package pdftex.def Info: ../encoder_attn_maps/encoder_short_attention_map_4.png  used on input line 78.
(pdftex.def)             Requested size: 176.40198pt x 132.30353pt.
<../encoder_attn_maps/encoder_short_attention_map_5.png, id=19, 462.528pt x 346.896pt>
File: ../encoder_attn_maps/encoder_short_attention_map_5.png Graphic file (type png)
<use ../encoder_attn_maps/encoder_short_attention_map_5.png>
Package pdftex.def Info: ../encoder_attn_maps/encoder_short_attention_map_5.png  used on input line 79.
(pdftex.def)             Requested size: 176.40198pt x 132.30353pt.
<../encoder_attn_maps/encoder_short_attention_map_6.png, id=20, 462.528pt x 346.896pt>
File: ../encoder_attn_maps/encoder_short_attention_map_6.png Graphic file (type png)
<use ../encoder_attn_maps/encoder_short_attention_map_6.png>
Package pdftex.def Info: ../encoder_attn_maps/encoder_short_attention_map_6.png  used on input line 80.
(pdftex.def)             Requested size: 176.40198pt x 132.30353pt.
<../encoder_attn_maps/encoder_short_attention_map_7.png, id=21, 462.528pt x 346.896pt>
File: ../encoder_attn_maps/encoder_short_attention_map_7.png Graphic file (type png)
<use ../encoder_attn_maps/encoder_short_attention_map_7.png>
Package pdftex.def Info: ../encoder_attn_maps/encoder_short_attention_map_7.png  used on input line 81.
(pdftex.def)             Requested size: 176.40198pt x 132.30353pt.
<../encoder_attn_maps/encoder_short_attention_map_8.png, id=22, 462.528pt x 346.896pt>
File: ../encoder_attn_maps/encoder_short_attention_map_8.png Graphic file (type png)
<use ../encoder_attn_maps/encoder_short_attention_map_8.png>
Package pdftex.def Info: ../encoder_attn_maps/encoder_short_attention_map_8.png  used on input line 82.
(pdftex.def)             Requested size: 176.40198pt x 132.30353pt.

Overfull \hbox (4.80396pt too wide) in alignment at lines 74--83
 [] [] 
 []

[2 <../encoder_attn_maps/encoder_short_attention_map_1.png> <../encoder_attn_maps/encoder_short_attention_map_2.png> <../encoder_attn_maps/encoder_short_attention_map_3.png> <../encoder_attn_maps/encoder_short_attention_map_4.png> <../encoder_attn_maps/encoder_short_attention_map_5.png> <../encoder_attn_maps/encoder_short_attention_map_6.png>]
<../encoder_attn_maps/encoder_long_attention_map_1.png, id=34, 462.528pt x 346.896pt>
File: ../encoder_attn_maps/encoder_long_attention_map_1.png Graphic file (type png)
<use ../encoder_attn_maps/encoder_long_attention_map_1.png>
Package pdftex.def Info: ../encoder_attn_maps/encoder_long_attention_map_1.png  used on input line 95.
(pdftex.def)             Requested size: 176.40198pt x 132.30353pt.
<../encoder_attn_maps/encoder_long_attention_map_2.png, id=35, 462.528pt x 346.896pt>
File: ../encoder_attn_maps/encoder_long_attention_map_2.png Graphic file (type png)
<use ../encoder_attn_maps/encoder_long_attention_map_2.png>
Package pdftex.def Info: ../encoder_attn_maps/encoder_long_attention_map_2.png  used on input line 96.
(pdftex.def)             Requested size: 176.40198pt x 132.30353pt.
<../encoder_attn_maps/encoder_long_attention_map_3.png, id=36, 462.528pt x 346.896pt>
File: ../encoder_attn_maps/encoder_long_attention_map_3.png Graphic file (type png)
<use ../encoder_attn_maps/encoder_long_attention_map_3.png>
Package pdftex.def Info: ../encoder_attn_maps/encoder_long_attention_map_3.png  used on input line 97.
(pdftex.def)             Requested size: 176.40198pt x 132.30353pt.
<../encoder_attn_maps/encoder_long_attention_map_4.png, id=37, 462.528pt x 346.896pt>
File: ../encoder_attn_maps/encoder_long_attention_map_4.png Graphic file (type png)
<use ../encoder_attn_maps/encoder_long_attention_map_4.png>
Package pdftex.def Info: ../encoder_attn_maps/encoder_long_attention_map_4.png  used on input line 98.
(pdftex.def)             Requested size: 176.40198pt x 132.30353pt.
<../encoder_attn_maps/encoder_long_attention_map_5.png, id=38, 462.528pt x 346.896pt>
File: ../encoder_attn_maps/encoder_long_attention_map_5.png Graphic file (type png)
<use ../encoder_attn_maps/encoder_long_attention_map_5.png>
Package pdftex.def Info: ../encoder_attn_maps/encoder_long_attention_map_5.png  used on input line 99.
(pdftex.def)             Requested size: 176.40198pt x 132.30353pt.
<../encoder_attn_maps/encoder_long_attention_map_6.png, id=39, 462.528pt x 346.896pt>
File: ../encoder_attn_maps/encoder_long_attention_map_6.png Graphic file (type png)
<use ../encoder_attn_maps/encoder_long_attention_map_6.png>
Package pdftex.def Info: ../encoder_attn_maps/encoder_long_attention_map_6.png  used on input line 100.
(pdftex.def)             Requested size: 176.40198pt x 132.30353pt.
<../encoder_attn_maps/encoder_long_attention_map_7.png, id=40, 462.528pt x 346.896pt>
File: ../encoder_attn_maps/encoder_long_attention_map_7.png Graphic file (type png)
<use ../encoder_attn_maps/encoder_long_attention_map_7.png>
Package pdftex.def Info: ../encoder_attn_maps/encoder_long_attention_map_7.png  used on input line 101.
(pdftex.def)             Requested size: 176.40198pt x 132.30353pt.
<../encoder_attn_maps/encoder_long_attention_map_8.png, id=41, 462.528pt x 346.896pt>
File: ../encoder_attn_maps/encoder_long_attention_map_8.png Graphic file (type png)
<use ../encoder_attn_maps/encoder_long_attention_map_8.png>
Package pdftex.def Info: ../encoder_attn_maps/encoder_long_attention_map_8.png  used on input line 102.
(pdftex.def)             Requested size: 176.40198pt x 132.30353pt.

Overfull \hbox (4.80396pt too wide) in alignment at lines 94--103
 [] [] 
 []

[3 <../encoder_attn_maps/encoder_short_attention_map_7.png> <../encoder_attn_maps/encoder_short_attention_map_8.png> <../encoder_attn_maps/encoder_long_attention_map_1.png> <../encoder_attn_maps/encoder_long_attention_map_2.png> <../encoder_attn_maps/encoder_long_attention_map_3.png> <../encoder_attn_maps/encoder_long_attention_map_4.png>] [4 <../encoder_attn_maps/encoder_long_attention_map_5.png> <../encoder_attn_maps/encoder_long_attention_map_6.png> <../encoder_attn_maps/encoder_long_attention_map_7.png> <../encoder_attn_maps/encoder_long_attention_map_8.png>] [5]
<../decoder_attn_maps/decoder_short_attention_map_1.png, id=69, 462.528pt x 346.896pt>
File: ../decoder_attn_maps/decoder_short_attention_map_1.png Graphic file (type png)
<use ../decoder_attn_maps/decoder_short_attention_map_1.png>
Package pdftex.def Info: ../decoder_attn_maps/decoder_short_attention_map_1.png  used on input line 195.
(pdftex.def)             Requested size: 176.40198pt x 132.30353pt.
<../decoder_attn_maps/decoder_short_attention_map_2.png, id=70, 462.528pt x 346.896pt>
File: ../decoder_attn_maps/decoder_short_attention_map_2.png Graphic file (type png)
<use ../decoder_attn_maps/decoder_short_attention_map_2.png>
Package pdftex.def Info: ../decoder_attn_maps/decoder_short_attention_map_2.png  used on input line 196.
(pdftex.def)             Requested size: 176.40198pt x 132.30353pt.
<../decoder_attn_maps/decoder_short_attention_map_3.png, id=71, 462.528pt x 346.896pt>
File: ../decoder_attn_maps/decoder_short_attention_map_3.png Graphic file (type png)
<use ../decoder_attn_maps/decoder_short_attention_map_3.png>
Package pdftex.def Info: ../decoder_attn_maps/decoder_short_attention_map_3.png  used on input line 197.
(pdftex.def)             Requested size: 176.40198pt x 132.30353pt.
<../decoder_attn_maps/decoder_short_attention_map_4.png, id=72, 462.528pt x 346.896pt>
File: ../decoder_attn_maps/decoder_short_attention_map_4.png Graphic file (type png)
<use ../decoder_attn_maps/decoder_short_attention_map_4.png>
Package pdftex.def Info: ../decoder_attn_maps/decoder_short_attention_map_4.png  used on input line 198.
(pdftex.def)             Requested size: 176.40198pt x 132.30353pt.
<../decoder_attn_maps/decoder_short_attention_map_5.png, id=73, 462.528pt x 346.896pt>
File: ../decoder_attn_maps/decoder_short_attention_map_5.png Graphic file (type png)
<use ../decoder_attn_maps/decoder_short_attention_map_5.png>
Package pdftex.def Info: ../decoder_attn_maps/decoder_short_attention_map_5.png  used on input line 199.
(pdftex.def)             Requested size: 176.40198pt x 132.30353pt.
<../decoder_attn_maps/decoder_short_attention_map_6.png, id=74, 462.528pt x 346.896pt>
File: ../decoder_attn_maps/decoder_short_attention_map_6.png Graphic file (type png)
<use ../decoder_attn_maps/decoder_short_attention_map_6.png>
Package pdftex.def Info: ../decoder_attn_maps/decoder_short_attention_map_6.png  used on input line 200.
(pdftex.def)             Requested size: 176.40198pt x 132.30353pt.
<../decoder_attn_maps/decoder_short_attention_map_7.png, id=75, 462.528pt x 346.896pt>
File: ../decoder_attn_maps/decoder_short_attention_map_7.png Graphic file (type png)
<use ../decoder_attn_maps/decoder_short_attention_map_7.png>
Package pdftex.def Info: ../decoder_attn_maps/decoder_short_attention_map_7.png  used on input line 201.
(pdftex.def)             Requested size: 176.40198pt x 132.30353pt.
<../decoder_attn_maps/decoder_short_attention_map_8.png, id=76, 462.528pt x 346.896pt>
File: ../decoder_attn_maps/decoder_short_attention_map_8.png Graphic file (type png)
<use ../decoder_attn_maps/decoder_short_attention_map_8.png>
Package pdftex.def Info: ../decoder_attn_maps/decoder_short_attention_map_8.png  used on input line 202.
(pdftex.def)             Requested size: 176.40198pt x 132.30353pt.

Overfull \hbox (4.80396pt too wide) in alignment at lines 194--203
 [] [] 
 []

[6 <../decoder_attn_maps/decoder_short_attention_map_1.png> <../decoder_attn_maps/decoder_short_attention_map_2.png> <../decoder_attn_maps/decoder_short_attention_map_3.png> <../decoder_attn_maps/decoder_short_attention_map_4.png> <../decoder_attn_maps/decoder_short_attention_map_5.png> <../decoder_attn_maps/decoder_short_attention_map_6.png>]
<../decoder_attn_maps/decoder_long_attention_map_1.png, id=88, 462.528pt x 346.896pt>
File: ../decoder_attn_maps/decoder_long_attention_map_1.png Graphic file (type png)
<use ../decoder_attn_maps/decoder_long_attention_map_1.png>
Package pdftex.def Info: ../decoder_attn_maps/decoder_long_attention_map_1.png  used on input line 213.
(pdftex.def)             Requested size: 176.40198pt x 132.30353pt.
<../decoder_attn_maps/decoder_long_attention_map_2.png, id=89, 462.528pt x 346.896pt>
File: ../decoder_attn_maps/decoder_long_attention_map_2.png Graphic file (type png)
<use ../decoder_attn_maps/decoder_long_attention_map_2.png>
Package pdftex.def Info: ../decoder_attn_maps/decoder_long_attention_map_2.png  used on input line 214.
(pdftex.def)             Requested size: 176.40198pt x 132.30353pt.
<../decoder_attn_maps/decoder_long_attention_map_3.png, id=90, 462.528pt x 346.896pt>
File: ../decoder_attn_maps/decoder_long_attention_map_3.png Graphic file (type png)
<use ../decoder_attn_maps/decoder_long_attention_map_3.png>
Package pdftex.def Info: ../decoder_attn_maps/decoder_long_attention_map_3.png  used on input line 215.
(pdftex.def)             Requested size: 176.40198pt x 132.30353pt.
<../decoder_attn_maps/decoder_long_attention_map_4.png, id=91, 462.528pt x 346.896pt>
File: ../decoder_attn_maps/decoder_long_attention_map_4.png Graphic file (type png)
<use ../decoder_attn_maps/decoder_long_attention_map_4.png>
Package pdftex.def Info: ../decoder_attn_maps/decoder_long_attention_map_4.png  used on input line 216.
(pdftex.def)             Requested size: 176.40198pt x 132.30353pt.
<../decoder_attn_maps/decoder_long_attention_map_5.png, id=92, 462.528pt x 346.896pt>
File: ../decoder_attn_maps/decoder_long_attention_map_5.png Graphic file (type png)
<use ../decoder_attn_maps/decoder_long_attention_map_5.png>
Package pdftex.def Info: ../decoder_attn_maps/decoder_long_attention_map_5.png  used on input line 217.
(pdftex.def)             Requested size: 176.40198pt x 132.30353pt.
<../decoder_attn_maps/decoder_long_attention_map_6.png, id=93, 462.528pt x 346.896pt>
File: ../decoder_attn_maps/decoder_long_attention_map_6.png Graphic file (type png)
<use ../decoder_attn_maps/decoder_long_attention_map_6.png>
Package pdftex.def Info: ../decoder_attn_maps/decoder_long_attention_map_6.png  used on input line 218.
(pdftex.def)             Requested size: 176.40198pt x 132.30353pt.
<../decoder_attn_maps/decoder_long_attention_map_7.png, id=94, 462.528pt x 346.896pt>
File: ../decoder_attn_maps/decoder_long_attention_map_7.png Graphic file (type png)
<use ../decoder_attn_maps/decoder_long_attention_map_7.png>
Package pdftex.def Info: ../decoder_attn_maps/decoder_long_attention_map_7.png  used on input line 219.
(pdftex.def)             Requested size: 176.40198pt x 132.30353pt.
<../decoder_attn_maps/decoder_long_attention_map_8.png, id=95, 462.528pt x 346.896pt>
File: ../decoder_attn_maps/decoder_long_attention_map_8.png Graphic file (type png)
<use ../decoder_attn_maps/decoder_long_attention_map_8.png>
Package pdftex.def Info: ../decoder_attn_maps/decoder_long_attention_map_8.png  used on input line 220.
(pdftex.def)             Requested size: 176.40198pt x 132.30353pt.

Overfull \hbox (4.80396pt too wide) in alignment at lines 212--221
 [] [] 
 []

[7 <../decoder_attn_maps/decoder_short_attention_map_7.png> <../decoder_attn_maps/decoder_short_attention_map_8.png> <../decoder_attn_maps/decoder_long_attention_map_1.png> <../decoder_attn_maps/decoder_long_attention_map_2.png> <../decoder_attn_maps/decoder_long_attention_map_3.png> <../decoder_attn_maps/decoder_long_attention_map_4.png>] [8 <../decoder_attn_maps/decoder_long_attention_map_5.png> <../decoder_attn_maps/decoder_long_attention_map_6.png> <../decoder_attn_maps/decoder_long_attention_map_7.png> <../decoder_attn_maps/decoder_long_attention_map_8.png>] (report.aux)
 ***********
LaTeX2e <2023-11-01> patch level 1
L3 programming layer <2024-01-04>
 ***********
Package rerunfilecheck Info: File `report.out' has not changed.
(rerunfilecheck)             Checksum: D41D8CD98F00B204E9800998ECF8427E;0.
 ) 
Here is how much of TeX's memory you used:
 10012 strings out of 474486
 164331 string characters out of 5741867
 1941542 words of memory out of 5000000
 32165 multiletter control sequences out of 15000+600000
 565642 words of font info for 65 fonts, out of 8000000 for 9000
 1141 hyphenation exceptions out of 8191
 75i,9n,79p,303b,600s stack positions out of 10000i,1000n,20000p,200000b,200000s
<C:/Users/TangyKiwi/AppData/Local/Programs/MiKTeX/fonts/type1/public/amsfonts/cm/cmbx10.pfb><C:/Users/TangyKiwi/AppData/Local/Programs/MiKTeX/fonts/type1/public/amsfonts/cm/cmbx12.pfb><C:/Users/TangyKiwi/AppData/Local/Programs/MiKTeX/fonts/type1/public/amsfonts/cm/cmmi10.pfb><C:/Users/TangyKiwi/AppData/Local/Programs/MiKTeX/fonts/type1/public/amsfonts/cm/cmr10.pfb><C:/Users/TangyKiwi/AppData/Local/Programs/MiKTeX/fonts/type1/public/amsfonts/cm/cmr12.pfb><C:/Users/TangyKiwi/AppData/Local/Programs/MiKTeX/fonts/type1/public/amsfonts/cm/cmr17.pfb><C:/Users/TangyKiwi/AppData/Local/Programs/MiKTeX/fonts/type1/public/amsfonts/cm/cmsy10.pfb><C:/Users/TangyKiwi/AppData/Local/Programs/MiKTeX/fonts/type1/public/amsfonts/cm/cmtt10.pfb>
Output written on report.pdf (8 pages, 675003 bytes).
PDF statistics:
 155 PDF objects out of 1000 (max. 8388607)
 15 named destinations out of 1000 (max. 500000)
 161 words of extra memory for PDF output out of 10000 (max. 10000000)

